INFO: [VRFC 10-2263] Analyzing Verilog file "C:/Archlabs/lab05/lab05.srcs/sources_1/imports/Archlabs/lab03/lab03.srcs/sources_1/new/ALU.v" into library xil_defaultlib
INFO: [VRFC 10-311] analyzing module ALU
INFO: [VRFC 10-2263] Analyzing Verilog file "C:/Archlabs/lab05/lab05.srcs/sources_1/imports/Archlabs/lab03/lab03.srcs/sources_1/new/ALUCtr.v" into library xil_defaultlib
INFO: [VRFC 10-311] analyzing module ALUCtr
INFO: [VRFC 10-2263] Analyzing Verilog file "C:/Archlabs/lab05/lab05.srcs/sources_1/imports/Archlabs/lab03/lab03.srcs/sources_1/new/Ctr.v" into library xil_defaultlib
INFO: [VRFC 10-311] analyzing module Ctr
INFO: [VRFC 10-2263] Analyzing Verilog file "C:/Archlabs/lab05/lab05.srcs/sources_1/imports/Archlabs/lab04/lab04.srcs/sources_1/new/Registers.v" into library xil_defaultlib
INFO: [VRFC 10-311] analyzing module Registers
INFO: [VRFC 10-2263] Analyzing Verilog file "C:/Archlabs/lab05/lab05.srcs/sources_1/new/Top.v" into library xil_defaultlib
INFO: [VRFC 10-311] analyzing module Top
INFO: [VRFC 10-2263] Analyzing Verilog file "C:/Archlabs/lab05/lab05.srcs/sources_1/imports/Archlabs/lab04/lab04.srcs/sources_1/new/dataMemory.v" into library xil_defaultlib
INFO: [VRFC 10-311] analyzing module dataMemory
INFO: [VRFC 10-2263] Analyzing Verilog file "C:/Archlabs/lab05/lab05.srcs/sources_1/new/inst_memory.v" into library xil_defaultlib
INFO: [VRFC 10-311] analyzing module inst_memory
INFO: [VRFC 10-2263] Analyzing Verilog file "C:/Archlabs/lab05/lab05.srcs/sources_1/new/mux32.v" into library xil_defaultlib
INFO: [VRFC 10-311] analyzing module mux32
INFO: [VRFC 10-2263] Analyzing Verilog file "C:/Archlabs/lab05/lab05.srcs/sources_1/new/mux5.v" into library xil_defaultlib
INFO: [VRFC 10-311] analyzing module mux5
INFO: [VRFC 10-2263] Analyzing Verilog file "C:/Archlabs/lab05/lab05.srcs/sources_1/imports/Archlabs/lab04/lab04.srcs/sources_1/new/signext.v" into library xil_defaultlib
INFO: [VRFC 10-311] analyzing module signext
INFO: [VRFC 10-2263] Analyzing Verilog file "C:/Archlabs/lab05/lab05.srcs/sim_1/new/Top_tb.v" into library xil_defaultlib
INFO: [VRFC 10-311] analyzing module Top_tb
